<?xml version="1.0" encoding="UTF-8"?>
<!-- Generated by org.testng.reporters.JUnitReportReporter -->
<testsuite skipped="0" hostname="LAPTOP-T2DQGLQT" name="AutomationPractice.Assignment.Login" tests="1" failures="0" timestamp="29 Nov 2020 11:01:56 GMT" time="105.883" errors="0">
  <testcase name="stratExec" time="105.883" classname="AutomationPractice.Assignment.Login"/>
</testsuite> <!-- AutomationPractice.Assignment.Login -->
