<?xml version="1.0" encoding="UTF-8"?>
<!-- Generated by org.testng.reporters.JUnitReportReporter -->
<testsuite skipped="0" hostname="LAPTOP-T2DQGLQT" name="AutomationPractice.Assignment.Test1" tests="3" failures="0" timestamp="02 Sep 2022 15:57:32 GMT" time="3.985" errors="0">
  <testcase name="getres" time="1.789" classname="AutomationPractice.Assignment.Test1"/>
  <testcase name="authentication" time="0.009" classname="AutomationPractice.Assignment.Test1"/>
  <testcase name="postreq" time="2.187" classname="AutomationPractice.Assignment.Test1"/>
</testsuite> <!-- AutomationPractice.Assignment.Test1 -->
