<?xml version="1.0" encoding="UTF-8"?>
<!-- Generated by org.testng.reporters.JUnitReportReporter -->
<testsuite skipped="0" hostname="LAPTOP-T2DQGLQT" name="AutomationPractice.Assignment.apple" tests="1" failures="0" timestamp="30 Jun 2022 15:28:37 GMT" time="0.009" errors="0">
  <testcase name="map" time="0.009" classname="AutomationPractice.Assignment.apple"/>
</testsuite> <!-- AutomationPractice.Assignment.apple -->
