<?xml version="1.0" encoding="UTF-8"?>
<!-- Generated by org.testng.reporters.JUnitReportReporter -->
<testsuite skipped="0" hostname="LAPTOP-T2DQGLQT" name="AutomationPractice.Assignment.reverseStringMaintainSpacePosition" tests="1" failures="0" timestamp="30 Jun 2022 16:38:12 GMT" time="0.010" errors="0">
  <testcase name="reverse" time="0.010" classname="AutomationPractice.Assignment.reverseStringMaintainSpacePosition"/>
</testsuite> <!-- AutomationPractice.Assignment.reverseStringMaintainSpacePosition -->
