<?xml version="1.0" encoding="UTF-8"?>
<!-- Generated by org.testng.reporters.JUnitReportReporter -->
<testsuite skipped="0" hostname="LAPTOP-T2DQGLQT" name="AutomationPractice.Assignment.MaxofThreeNos" tests="2" failures="0" timestamp="02 Aug 2022 19:01:13 GMT" time="0.010" errors="0">
  <testcase name="max1" time="0.009" classname="AutomationPractice.Assignment.MaxofThreeNos"/>
  <testcase name="max2" time="0.001" classname="AutomationPractice.Assignment.MaxofThreeNos"/>
</testsuite> <!-- AutomationPractice.Assignment.MaxofThreeNos -->
